\BOOKMARK [1][-]{section.1}{\376\377\116\000\060\001\000\040\176\352\213\272}{}% 1
\BOOKMARK [2][-]{subsection.1.1}{\376\377\0001\000.\0001\000\040\170\024\172\166\200\314\146\157}{section.1}% 2
\BOOKMARK [2][-]{subsection.1.2}{\376\377\0001\000.\0002\000\040\170\024\172\166\166\356\166\204\060\001\141\017\116\111}{section.1}% 3
\BOOKMARK [2][-]{subsection.1.3}{\376\377\0001\000.\0003\000\040\126\375\121\205\131\026\163\260\162\266\060\001\154\064\136\163\124\214\123\321\134\125\215\213\122\277\122\006\147\220}{section.1}% 4
\BOOKMARK [2][-]{subsection.1.4}{\376\377\0001\000.\0004\000\040\230\171\166\356\166\204\170\024\172\166\121\205\133\271\124\214\166\356\150\007}{section.1}% 5
\BOOKMARK [3][-]{subsubsection.1.4.1}{\376\377\0001\000.\0004\000.\0001\000\040\230\171\166\356\170\024\172\166\121\205\133\271}{subsection.1.4}% 6
\BOOKMARK [3][-]{subsubsection.1.4.2}{\376\377\0001\000.\0004\000.\0002\000\040\230\171\166\356\166\356\150\007}{subsection.1.4}% 7
\BOOKMARK [1][-]{section.2}{\376\377\116\214\060\001\000\040\213\325\232\214\116\016\213\325\232\214\213\276\213\241}{}% 8
\BOOKMARK [2][-]{subsection.2.1}{\376\377\0002\000.\0001\000\040\213\325\232\214\136\237\154\064\147\145\156\220\123\312\154\064\215\050\122\006\147\220}{section.2}% 9
\BOOKMARK [2][-]{subsection.2.2}{\376\377\0002\000.\0002\000\040\213\325\232\214\145\271\150\110}{section.2}% 10
\BOOKMARK [1][-]{section.3}{\376\377\116\011\060\001\000\040\213\325\232\214\176\323\147\234\116\016\122\006\147\220}{}% 11
\BOOKMARK [2][-]{subsection.3.1}{\376\377\0003\000.\0001\000\040\123\237\154\064\154\064\215\050\123\330\123\026}{section.3}% 12
\BOOKMARK [2][-]{subsection.3.2}{\376\377\0003\000.\0002\000\040\116\015\124\014\154\064\215\050\147\145\156\220\166\204\000F\000e\000n\000t\000o\000n\131\004\164\006\145\110\147\234}{section.3}% 13
\BOOKMARK [2][-]{subsection.3.3}{\376\377\0003\000.\0003\000\040\145\071\123\330\000F\000e\000n\000t\000o\000n\123\315\136\224\000p\000H\120\074\166\204\133\236\232\214\176\323\147\234}{section.3}% 14
\BOOKMARK [2][-]{subsection.3.4}{\376\377\0003\000.\0004\000\040\145\071\123\330\000F\000e\000n\000t\000o\000n\213\325\122\102\142\225\122\240\221\317\166\204\137\161\124\315}{section.3}% 15
\BOOKMARK [2][-]{subsection.3.5}{\376\377\0003\000.\0005\000\040\154\064\215\050\116\055\142\100\124\053\166\204\154\057\171\273\133\120\155\123\136\246\137\161\124\315\140\305\121\265}{section.3}% 16
\BOOKMARK [1][-]{section.4}{\376\377\126\333\060\001\000\040\165\037\116\247\140\047\213\325\232\214\176\323\147\234\116\016\122\006\147\220}{}% 17
\BOOKMARK [2][-]{subsection.4.1}{\376\377\0004\000.\0001\000\040\165\037\116\247\140\047\213\325\232\214\151\202\217\360}{section.4}% 18
\BOOKMARK [3][-]{subsubsection.4.1.1}{\376\377\0004\000.\0001\000.\0001\000\040\230\171\166\356\200\314\146\157}{subsection.4.1}% 19
\BOOKMARK [3][-]{subsubsection.4.1.2}{\376\377\0004\000.\0001\000.\0002\000\040\230\171\166\356\135\345\202\172\116\313\176\315}{subsection.4.1}% 20
\BOOKMARK [3][-]{subsubsection.4.1.3}{\376\377\0004\000.\0001\000.\0003\000\040\161\046\123\026\136\237\154\064\131\004\164\006\135\345\202\172\213\276\213\241}{subsection.4.1}% 21
\BOOKMARK [2][-]{subsection.4.2}{\376\377\0004\000.\0002\000\040\213\325\232\214\174\373\176\337\217\320\210\114\145\110\147\234\122\006\147\220}{section.4}% 22
\BOOKMARK [1][-]{section.5}{\376\377\116\224\060\001\000\040\176\323\213\272\116\016\136\372\213\256}{}% 23
