\BOOKMARK [1][-]{section.1}{\376\377\116\000\060\001\000\040\176\352\213\272}{}% 1
\BOOKMARK [2][-]{subsection.1.1}{\376\377\0001\000.\0001\000\040\170\024\172\166\200\314\146\157}{section.1}% 2
\BOOKMARK [2][-]{subsection.1.2}{\376\377\0001\000.\0002\000\040\170\024\172\166\166\356\166\204\060\001\141\017\116\111}{section.1}% 3
\BOOKMARK [2][-]{subsection.1.3}{\376\377\0001\000.\0003\000\040\126\375\121\205\131\026\163\260\162\266\060\001\154\064\136\163\124\214\123\321\134\125\215\213\122\277\122\006\147\220}{section.1}% 4
\BOOKMARK [2][-]{subsection.1.4}{\376\377\0001\000.\0004\000\040\230\171\166\356\166\204\170\024\172\166\121\205\133\271\124\214\166\356\150\007}{section.1}% 5
\BOOKMARK [3][-]{subsubsection.1.4.1}{\376\377\0001\000.\0004\000.\0001\000\040\230\171\166\356\166\204\170\024\172\166\121\205\133\271}{subsection.1.4}% 6
\BOOKMARK [3][-]{subsubsection.1.4.2}{\376\377\0001\000.\0004\000.\0002\000\040\230\171\166\356\166\204\170\024\172\166\166\356\150\007}{subsection.1.4}% 7
\BOOKMARK [1][-]{section.2}{\376\377\116\214\060\001\000\040\213\325\232\214\116\016\213\325\232\214\213\276\213\241}{}% 8
\BOOKMARK [2][-]{subsection.2.1}{\376\377\0002\000.\0001\000\040\213\325\232\214\136\237\154\064\147\145\156\220\123\312\154\064\215\050\122\006\147\220}{section.2}% 9
\BOOKMARK [2][-]{subsection.2.2}{\376\377\0002\000.\0002\000\040\134\017\213\325\213\325\232\214\145\271\150\110}{section.2}% 10
\BOOKMARK [2][-]{subsection.2.3}{\376\377\0002\000.\0003\000\040\116\055\213\325\213\325\232\214\213\276\213\241}{section.2}% 11
\BOOKMARK [3][-]{subsubsection.2.3.1}{\376\377\0002\000.\0003\000.\0001\000\040\135\345\202\172\220\011\142\351}{subsection.2.3}% 12
\BOOKMARK [3][-]{subsubsection.2.3.2}{\376\377\0002\000.\0003\000.\0002\000\040\116\055\213\325\213\325\232\214\155\101\172\013\116\016\210\305\177\156}{subsection.2.3}% 13
\BOOKMARK [3][-]{subsubsection.2.3.3}{\376\377\0002\000.\0003\000.\0003\000\040\213\325\232\214\144\315\117\134\217\307\172\013}{subsection.2.3}% 14
\BOOKMARK [2][-]{subsection.2.4}{\376\377\0002\000.\0004\000\040\165\037\116\247\140\047\213\325\232\214\213\276\213\241}{section.2}% 15
\BOOKMARK [3][-]{subsubsection.2.4.1}{\376\377\0002\000.\0004\000.\0001\000\040\213\276\213\241\123\237\122\031}{subsection.2.4}% 16
\BOOKMARK [3][-]{subsubsection.2.4.2}{\376\377\0002\000.\0004\000.\0002\000\040\135\345\202\172\155\101\172\013}{subsection.2.4}% 17
\BOOKMARK [3][-]{subsubsection.2.4.3}{\376\377\0002\000.\0004\000.\0003\000\040\136\237\154\064\131\004\164\006\116\073\211\201\123\125\121\103}{subsection.2.4}% 18
\BOOKMARK [3][-]{subsubsection.2.4.4}{\376\377\0002\000.\0004\000.\0004\000\040\213\325\232\214\144\315\117\134\217\307\172\013}{subsection.2.4}% 19
\BOOKMARK [2][-]{subsection.2.5}{\376\377\0002\000.\0005\000\040\150\300\155\113\143\007\150\007\116\016\122\006\147\220\145\271\154\325}{section.2}% 20
\BOOKMARK [1][-]{section.3}{\376\377\116\011\060\001\000\040\134\017\213\325\213\325\232\214\176\323\147\234\116\016\122\006\147\220}{}% 21
\BOOKMARK [2][-]{subsection.3.1}{\376\377\0003\000.\0001\000\040\134\017\213\325\213\325\232\214\151\202\217\360}{section.3}% 22
\BOOKMARK [2][-]{subsection.3.2}{\376\377\0003\000.\0002\000\040\176\323\147\234\116\016\122\006\147\220}{section.3}% 23
\BOOKMARK [1][-]{section.4}{\376\377\126\333\060\001\000\040\116\055\213\325\213\325\232\214\176\323\147\234\116\016\122\006\147\220}{}% 24
\BOOKMARK [2][-]{subsection.4.1}{\376\377\0004\000.\0001\000\040\213\325\232\214\210\305\177\156\133\211\210\305\116\016\124\057\122\250\214\003\213\325}{section.4}% 25
\BOOKMARK [3][-]{subsubsection.4.1.1}{\376\377\0004\000.\0001\000.\0001\000\040\213\276\131\007\133\211\210\305\214\003\213\325}{subsection.4.1}% 26
\BOOKMARK [3][-]{subsubsection.4.1.2}{\376\377\0004\000.\0001\000.\0002\000\040\165\037\162\151\155\073\140\047\160\255\156\344\154\140\143\002\201\234}{subsection.4.1}% 27
\BOOKMARK [2][-]{subsection.4.2}{\376\377\0004\000.\0002\000\040\213\325\232\214\174\373\176\337\217\320\210\114\221\315\211\201\137\161\124\315\126\340\175\040\170\024\172\166}{section.4}% 28
\BOOKMARK [3][-]{subsubsection.4.2.1}{\376\377\0004\000.\0002\000.\0001\000\040\165\037\162\151\155\073\140\047\160\255\156\344\154\140\165\037\162\151\201\234\121\300\154\064\145\110\147\234\153\324\217\203}{subsection.4.2}% 29
\BOOKMARK [3][-]{subsubsection.4.2.2}{\376\377\0004\000.\0002\000.\0002\000\040\143\245\211\346\145\366\225\364\133\371\165\037\162\151\155\073\140\047\160\255\156\344\154\140\121\300\154\064\145\110\147\234\166\204\137\161\124\315}{subsection.4.2}% 30
\BOOKMARK [1][-]{section.5}{\376\377\116\224\060\001\000\040\165\037\116\247\140\047\213\325\232\214\176\323\147\234\116\016\122\006\147\220}{}% 31
\BOOKMARK [2][-]{subsection.5.1}{\376\377\0005\000.\0001\000\040\165\037\116\247\140\047\213\325\232\214\151\202\217\360}{section.5}% 32
\BOOKMARK [2][-]{subsection.5.2}{\376\377\0005\000.\0002\000\040\213\325\232\214\174\373\176\337\217\320\210\114\145\110\147\234\122\006\147\220}{section.5}% 33
\BOOKMARK [1][-]{section.6}{\376\377\121\155\060\001\000\040\176\323\213\272\116\016\136\372\213\256}{}% 34
